<?xml version="1.0" encoding="UTF-8"?>
<!-- Generated by org.testng.reporters.JUnitReportReporter -->
<testsuite hostname="Anu" failures="0" tests="1" name="util.BrowserFactory" time="2.503" errors="0" timestamp="2023-07-10T22:49:14 PDT" skipped="0">
  <testcase classname="util.BrowserFactory" name="init" time="2.503"/>
</testsuite> <!-- util.BrowserFactory -->
